# JRE version: OpenJDK Runtime Environment Temurin-21.0.8+9 (21.0.8+9) (build 21.0.8+9-LTS)
# Java VM: OpenJDK 64-Bit Server VM Temurin-21.0.8+9 (21.0.8+9-LTS, mixed mode, sharing, tiered, compressed oops, compressed class ptrs, parallel gc, windows-amd64)
GC Precious Log:
 CardTable entry size: 512
 CPUs: 16 total, 16 available
 Memory: 16052M
 Large Page Support: Disabled
 NUMA Support: Disabled
 Compressed Oops: Enabled (32-bit)
 Alignments: Space 512K, Generation 512K, Heap 2M
 Heap Min Capacity: 100M
 Heap Initial Capacity: 100M
 Heap Max Capacity: 2G
 Pre-touch: Disabled
 Parallel Workers: 13
Heap:
 PSYoungGen      total 7168K, used 2840K [0x00000000d5580000, 0x00000000d5d80000, 0x0000000100000000)
  eden space 6656K, 38% used [0x00000000d5580000,0x00000000d58060b0,0x00000000d5c00000)
  from space 512K, 50% used [0x00000000d5c80000,0x00000000d5cc0000,0x00000000d5d00000)
  to   space 512K, 0% used [0x00000000d5d00000,0x00000000d5d00000,0x00000000d5d80000)
 ParOldGen       total 455168K, used 186992K [0x0000000080000000, 0x000000009bc80000, 0x00000000d5580000)
  object space 455168K, 41% used [0x0000000080000000,0x000000008b69c048,0x000000009bc80000)
 Metaspace       used 59021K, committed 60480K, reserved 1114112K
  class space    used 6326K, committed 6976K, reserved 1048576K
GC Heap History (20 events):
Event: 2877.918 GC heap before
{Heap before GC invocations=473 (full 3):
 PSYoungGen      total 7680K, used 6656K [0x00000000d5580000, 0x00000000d5e00000, 0x0000000100000000)
  eden space 6656K, 100% used [0x00000000d5580000,0x00000000d5c00000,0x00000000d5c00000)
  from space 1024K, 0% used [0x00000000d5c00000,0x00000000d5c00000,0x00000000d5d00000)
  to   space 1024K, 0% used [0x00000000d5d00000,0x00000000d5d00000,0x00000000d5e00000)
 ParOldGen       total 455168K, used 186408K [0x0000000080000000, 0x000000009bc80000, 0x00000000d5580000)
  object space 455168K, 40% used [0x0000000080000000,0x000000008b60a048,0x000000009bc80000)
 Metaspace       used 58823K, committed 60224K, reserved 1114112K
  class space    used 6325K, committed 6976K, reserved 1048576K
}
Event: 2877.943 GC heap after
{Heap after GC invocations=473 (full 3):
 PSYoungGen      total 7680K, used 320K [0x00000000d5580000, 0x00000000d5e00000, 0x0000000100000000)
  eden space 6656K, 0% used [0x00000000d5580000,0x00000000d5580000,0x00000000d5c00000)
  from space 1024K, 31% used [0x00000000d5d00000,0x00000000d5d50000,0x00000000d5e00000)
  to   space 1024K, 0% used [0x00000000d5c00000,0x00000000d5c00000,0x00000000d5d00000)
 ParOldGen       total 455168K, used 186416K [0x0000000080000000, 0x000000009bc80000, 0x00000000d5580000)
  object space 455168K, 40% used [0x0000000080000000,0x000000008b60c048,0x000000009bc80000)
 Metaspace       used 58823K, committed 60224K, reserved 1114112K
  class space    used 6325K, committed 6976K, reserved 1048576K
}
Event: 3107.758 GC heap before
{Heap before GC invocations=474 (full 3):
 PSYoungGen      total 7680K, used 6976K [0x00000000d5580000, 0x00000000d5e00000, 0x0000000100000000)
  eden space 6656K, 100% used [0x00000000d5580000,0x00000000d5c00000,0x00000000d5c00000)
  from space 1024K, 31% used [0x00000000d5d00000,0x00000000d5d50000,0x00000000d5e00000)
  to   space 1024K, 0% used [0x00000000d5c00000,0x00000000d5c00000,0x00000000d5d00000)
 ParOldGen       total 455168K, used 186416K [0x0000000080000000, 0x000000009bc80000, 0x00000000d5580000)
  object space 455168K, 40% used [0x0000000080000000,0x000000008b60c048,0x000000009bc80000)
 Metaspace       used 58898K, committed 60352K, reserved 1114112K
  class space    used 6325K, committed 6976K, reserved 1048576K
}
Event: 3107.759 GC heap after
{Heap after GC invocations=474 (full 3):
 PSYoungGen      total 7680K, used 352K [0x00000000d5580000, 0x00000000d5d80000, 0x0000000100000000)
  eden space 6656K, 0% used [0x00000000d5580000,0x00000000d5580000,0x00000000d5c00000)
  from space 1024K, 34% used [0x00000000d5c00000,0x00000000d5c58000,0x00000000d5d00000)
  to   space 512K, 0% used [0x00000000d5d00000,0x00000000d5d00000,0x00000000d5d80000)
 ParOldGen       total 455168K, used 186568K [0x0000000080000000, 0x000000009bc80000, 0x00000000d5580000)
  object space 455168K, 40% used [0x0000000080000000,0x000000008b632048,0x000000009bc80000)
 Metaspace       used 58898K, committed 60352K, reserved 1114112K
  class space    used 6325K, committed 6976K, reserved 1048576K
}
Event: 3110.058 GC heap before
{Heap before GC invocations=475 (full 3):
 PSYoungGen      total 7680K, used 7008K [0x00000000d5580000, 0x00000000d5d80000, 0x0000000100000000)
  eden space 6656K, 100% used [0x00000000d5580000,0x00000000d5c00000,0x00000000d5c00000)
  from space 1024K, 34% used [0x00000000d5c00000,0x00000000d5c58000,0x00000000d5d00000)
  to   space 512K, 0% used [0x00000000d5d00000,0x00000000d5d00000,0x00000000d5d80000)
 ParOldGen       total 455168K, used 186568K [0x0000000080000000, 0x000000009bc80000, 0x00000000d5580000)
  object space 455168K, 40% used [0x0000000080000000,0x000000008b632048,0x000000009bc80000)
 Metaspace       used 58922K, committed 60416K, reserved 1114112K
  class space    used 6325K, committed 6976K, reserved 1048576K
}
Event: 3110.060 GC heap after
{Heap after GC invocations=475 (full 3):
 PSYoungGen      total 7168K, used 224K [0x00000000d5580000, 0x00000000d5d80000, 0x0000000100000000)
  eden space 6656K, 0% used [0x00000000d5580000,0x00000000d5580000,0x00000000d5c00000)
  from space 512K, 43% used [0x00000000d5d00000,0x00000000d5d38000,0x00000000d5d80000)
  to   space 512K, 0% used [0x00000000d5c80000,0x00000000d5c80000,0x00000000d5d00000)
 ParOldGen       total 455168K, used 186656K [0x0000000080000000, 0x000000009bc80000, 0x00000000d5580000)
  object space 455168K, 41% used [0x0000000080000000,0x000000008b648048,0x000000009bc80000)
 Metaspace       used 58922K, committed 60416K, reserved 1114112K
  class space    used 6325K, committed 6976K, reserved 1048576K
}
Event: 3110.838 GC heap before
{Heap before GC invocations=476 (full 3):
 PSYoungGen      total 7168K, used 6880K [0x00000000d5580000, 0x00000000d5d80000, 0x0000000100000000)
  eden space 6656K, 100% used [0x00000000d5580000,0x00000000d5c00000,0x00000000d5c00000)
  from space 512K, 43% used [0x00000000d5d00000,0x00000000d5d38000,0x00000000d5d80000)
  to   space 512K, 0% used [0x00000000d5c80000,0x00000000d5c80000,0x00000000d5d00000)
 ParOldGen       total 455168K, used 186656K [0x0000000080000000, 0x000000009bc80000, 0x00000000d5580000)
  object space 455168K, 41% used [0x0000000080000000,0x000000008b648048,0x000000009bc80000)
 Metaspace       used 58928K, committed 60416K, reserved 1114112K
  class space    used 6325K, committed 6976K, reserved 1048576K
}
Event: 3110.839 GC heap after
{Heap after GC invocations=476 (full 3):
 PSYoungGen      total 7168K, used 256K [0x00000000d5580000, 0x00000000d5d80000, 0x0000000100000000)
  eden space 6656K, 0% used [0x00000000d5580000,0x00000000d5580000,0x00000000d5c00000)
  from space 512K, 50% used [0x00000000d5c80000,0x00000000d5cc0000,0x00000000d5d00000)
  to   space 512K, 0% used [0x00000000d5d00000,0x00000000d5d00000,0x00000000d5d80000)
 ParOldGen       total 455168K, used 186728K [0x0000000080000000, 0x000000009bc80000, 0x00000000d5580000)
  object space 455168K, 41% used [0x0000000080000000,0x000000008b65a048,0x000000009bc80000)
 Metaspace       used 58928K, committed 60416K, reserved 1114112K
  class space    used 6325K, committed 6976K, reserved 1048576K
}
Event: 3111.501 GC heap before
{Heap before GC invocations=477 (full 3):
 PSYoungGen      total 7168K, used 6912K [0x00000000d5580000, 0x00000000d5d80000, 0x0000000100000000)
  eden space 6656K, 100% used [0x00000000d5580000,0x00000000d5c00000,0x00000000d5c00000)
  from space 512K, 50% used [0x00000000d5c80000,0x00000000d5cc0000,0x00000000d5d00000)
  to   space 512K, 0% used [0x00000000d5d00000,0x00000000d5d00000,0x00000000d5d80000)
 ParOldGen       total 455168K, used 186728K [0x0000000080000000, 0x000000009bc80000, 0x00000000d5580000)
  object space 455168K, 41% used [0x0000000080000000,0x000000008b65a048,0x000000009bc80000)
 Metaspace       used 58947K, committed 60416K, reserved 1114112K
  class space    used 6326K, committed 6976K, reserved 1048576K
}
Event: 3111.502 GC heap after
{Heap after GC invocations=477 (full 3):
 PSYoungGen      total 7168K, used 288K [0x00000000d5580000, 0x00000000d5d80000, 0x0000000100000000)
  eden space 6656K, 0% used [0x00000000d5580000,0x00000000d5580000,0x00000000d5c00000)
  from space 512K, 56% used [0x00000000d5d00000,0x00000000d5d48000,0x00000000d5d80000)
  to   space 512K, 0% used [0x00000000d5c80000,0x00000000d5c80000,0x00000000d5d00000)
 ParOldGen       total 455168K, used 186760K [0x0000000080000000, 0x000000009bc80000, 0x00000000d5580000)
  object space 455168K, 41% used [0x0000000080000000,0x000000008b662048,0x000000009bc80000)
 Metaspace       used 58947K, committed 60416K, reserved 1114112K
  class space    used 6326K, committed 6976K, reserved 1048576K
}
Event: 3114.227 GC heap before
{Heap before GC invocations=478 (full 3):
 PSYoungGen      total 7168K, used 6944K [0x00000000d5580000, 0x00000000d5d80000, 0x0000000100000000)
  eden space 6656K, 100% used [0x00000000d5580000,0x00000000d5c00000,0x00000000d5c00000)
  from space 512K, 56% used [0x00000000d5d00000,0x00000000d5d48000,0x00000000d5d80000)
  to   space 512K, 0% used [0x00000000d5c80000,0x00000000d5c80000,0x00000000d5d00000)
 ParOldGen       total 455168K, used 186760K [0x0000000080000000, 0x000000009bc80000, 0x00000000d5580000)
  object space 455168K, 41% used [0x0000000080000000,0x000000008b662048,0x000000009bc80000)
 Metaspace       used 58952K, committed 60416K, reserved 1114112K
  class space    used 6326K, committed 6976K, reserved 1048576K
}
Event: 3114.229 GC heap after
{Heap after GC invocations=478 (full 3):
 PSYoungGen      total 7168K, used 224K [0x00000000d5580000, 0x00000000d5d80000, 0x0000000100000000)
  eden space 6656K, 0% used [0x00000000d5580000,0x00000000d5580000,0x00000000d5c00000)
  from space 512K, 43% used [0x00000000d5c80000,0x00000000d5cb8000,0x00000000d5d00000)
  to   space 512K, 0% used [0x00000000d5d00000,0x00000000d5d00000,0x00000000d5d80000)
 ParOldGen       total 455168K, used 186864K [0x0000000080000000, 0x000000009bc80000, 0x00000000d5580000)
  object space 455168K, 41% used [0x0000000080000000,0x000000008b67c048,0x000000009bc80000)
 Metaspace       used 58952K, committed 60416K, reserved 1114112K
  class space    used 6326K, committed 6976K, reserved 1048576K
}
Event: 3117.426 GC heap before
{Heap before GC invocations=479 (full 3):
 PSYoungGen      total 7168K, used 6880K [0x00000000d5580000, 0x00000000d5d80000, 0x0000000100000000)
  eden space 6656K, 100% used [0x00000000d5580000,0x00000000d5c00000,0x00000000d5c00000)
  from space 512K, 43% used [0x00000000d5c80000,0x00000000d5cb8000,0x00000000d5d00000)
  to   space 512K, 0% used [0x00000000d5d00000,0x00000000d5d00000,0x00000000d5d80000)
 ParOldGen       total 455168K, used 186864K [0x0000000080000000, 0x000000009bc80000, 0x00000000d5580000)
  object space 455168K, 41% used [0x0000000080000000,0x000000008b67c048,0x000000009bc80000)
 Metaspace       used 58952K, committed 60416K, reserved 1114112K
  class space    used 6326K, committed 6976K, reserved 1048576K
}
Event: 3117.427 GC heap after
{Heap after GC invocations=479 (full 3):
 PSYoungGen      total 7168K, used 192K [0x00000000d5580000, 0x00000000d5d80000, 0x0000000100000000)
  eden space 6656K, 0% used [0x00000000d5580000,0x00000000d5580000,0x00000000d5c00000)
  from space 512K, 37% used [0x00000000d5d00000,0x00000000d5d30000,0x00000000d5d80000)
  to   space 512K, 0% used [0x00000000d5c80000,0x00000000d5c80000,0x00000000d5d00000)
 ParOldGen       total 455168K, used 186864K [0x0000000080000000, 0x000000009bc80000, 0x00000000d5580000)
  object space 455168K, 41% used [0x0000000080000000,0x000000008b67c048,0x000000009bc80000)
 Metaspace       used 58952K, committed 60416K, reserved 1114112K
  class space    used 6326K, committed 6976K, reserved 1048576K
}
Event: 3120.981 GC heap before
{Heap before GC invocations=480 (full 3):
 PSYoungGen      total 7168K, used 6848K [0x00000000d5580000, 0x00000000d5d80000, 0x0000000100000000)
  eden space 6656K, 100% used [0x00000000d5580000,0x00000000d5c00000,0x00000000d5c00000)
  from space 512K, 37% used [0x00000000d5d00000,0x00000000d5d30000,0x00000000d5d80000)
  to   space 512K, 0% used [0x00000000d5c80000,0x00000000d5c80000,0x00000000d5d00000)
 ParOldGen       total 455168K, used 186864K [0x0000000080000000, 0x000000009bc80000, 0x00000000d5580000)
  object space 455168K, 41% used [0x0000000080000000,0x000000008b67c048,0x000000009bc80000)
 Metaspace       used 58952K, committed 60416K, reserved 1114112K
  class space    used 6326K, committed 6976K, reserved 1048576K
}
Event: 3120.983 GC heap after
{Heap after GC invocations=480 (full 3):
 PSYoungGen      total 7168K, used 320K [0x00000000d5580000, 0x00000000d5d80000, 0x0000000100000000)
  eden space 6656K, 0% used [0x00000000d5580000,0x00000000d5580000,0x00000000d5c00000)
  from space 512K, 62% used [0x00000000d5c80000,0x00000000d5cd0000,0x00000000d5d00000)
  to   space 512K, 0% used [0x00000000d5d00000,0x00000000d5d00000,0x00000000d5d80000)
 ParOldGen       total 455168K, used 186864K [0x0000000080000000, 0x000000009bc80000, 0x00000000d5580000)
  object space 455168K, 41% used [0x0000000080000000,0x000000008b67c048,0x000000009bc80000)
 Metaspace       used 58952K, committed 60416K, reserved 1114112K
  class space    used 6326K, committed 6976K, reserved 1048576K
}
Event: 3123.934 GC heap before
{Heap before GC invocations=481 (full 3):
 PSYoungGen      total 7168K, used 6976K [0x00000000d5580000, 0x00000000d5d80000, 0x0000000100000000)
  eden space 6656K, 100% used [0x00000000d5580000,0x00000000d5c00000,0x00000000d5c00000)
  from space 512K, 62% used [0x00000000d5c80000,0x00000000d5cd0000,0x00000000d5d00000)
  to   space 512K, 0% used [0x00000000d5d00000,0x00000000d5d00000,0x00000000d5d80000)
 ParOldGen       total 455168K, used 186864K [0x0000000080000000, 0x000000009bc80000, 0x00000000d5580000)
  object space 455168K, 41% used [0x0000000080000000,0x000000008b67c048,0x000000009bc80000)
 Metaspace       used 58952K, committed 60416K, reserved 1114112K
  class space    used 6326K, committed 6976K, reserved 1048576K
}
Event: 3123.935 GC heap after
{Heap after GC invocations=481 (full 3):
 PSYoungGen      total 7168K, used 192K [0x00000000d5580000, 0x00000000d5d80000, 0x0000000100000000)
  eden space 6656K, 0% used [0x00000000d5580000,0x00000000d5580000,0x00000000d5c00000)
  from space 512K, 37% used [0x00000000d5d00000,0x00000000d5d30000,0x00000000d5d80000)
  to   space 512K, 0% used [0x00000000d5c80000,0x00000000d5c80000,0x00000000d5d00000)
 ParOldGen       total 455168K, used 186944K [0x0000000080000000, 0x000000009bc80000, 0x00000000d5580000)
  object space 455168K, 41% used [0x0000000080000000,0x000000008b690048,0x000000009bc80000)
 Metaspace       used 58952K, committed 60416K, reserved 1114112K
  class space    used 6326K, committed 6976K, reserved 1048576K
}
Event: 3125.459 GC heap before
{Heap before GC invocations=482 (full 3):
 PSYoungGen      total 7168K, used 6848K [0x00000000d5580000, 0x00000000d5d80000, 0x0000000100000000)
  eden space 6656K, 100% used [0x00000000d5580000,0x00000000d5c00000,0x00000000d5c00000)
  from space 512K, 37% used [0x00000000d5d00000,0x00000000d5d30000,0x00000000d5d80000)
  to   space 512K, 0% used [0x00000000d5c80000,0x00000000d5c80000,0x00000000d5d00000)
 ParOldGen       total 455168K, used 186944K [0x0000000080000000, 0x000000009bc80000, 0x00000000d5580000)
  object space 455168K, 41% used [0x0000000080000000,0x000000008b690048,0x000000009bc80000)
 Metaspace       used 58952K, committed 60416K, reserved 1114112K
  class space    used 6326K, committed 6976K, reserved 1048576K
}
Event: 3125.460 GC heap after
{Heap after GC invocations=482 (full 3):
 PSYoungGen      total 7168K, used 256K [0x00000000d5580000, 0x00000000d5d80000, 0x0000000100000000)
  eden space 6656K, 0% used [0x00000000d5580000,0x00000000d5580000,0x00000000d5c00000)
  from space 512K, 50% used [0x00000000d5c80000,0x00000000d5cc0000,0x00000000d5d00000)
  to   space 512K, 0% used [0x00000000d5d00000,0x00000000d5d00000,0x00000000d5d80000)
 ParOldGen       total 455168K, used 186992K [0x0000000080000000, 0x000000009bc80000, 0x00000000d5580000)
  object space 455168K, 41% used [0x0000000080000000,0x000000008b69c048,0x000000009bc80000)
 Metaspace       used 58952K, committed 60416K, reserved 1114112K
  class space    used 6326K, committed 6976K, reserved 1048576K
}

